../run\moon.pdb
M:\MOON\MOON\STDAFX.PCH
M:\MOON\MOON\X64\DEBUG\ACCOUNTMANAGER.OBJ
M:\MOON\MOON\X64\DEBUG\ANSISTRING.OBJ
M:\MOON\MOON\X64\DEBUG\BASEREACTOR.OBJ
M:\MOON\MOON\X64\DEBUG\BASESTREAM.OBJ
M:\moon\moon\x64\Debug\cl.command.1.tlog
M:\moon\moon\x64\Debug\CL.read.1.tlog
M:\moon\moon\x64\Debug\CL.write.1.tlog
M:\MOON\MOON\X64\DEBUG\CMAPGRID.OBJ
M:\MOON\MOON\X64\DEBUG\CONFIGMANAGER.OBJ
M:\MOON\MOON\X64\DEBUG\CUSTOMCLIENTSOCKET.OBJ
M:\MOON\MOON\X64\DEBUG\CUSTOMSERVERCLIENTSOCKET.OBJ
M:\MOON\MOON\X64\DEBUG\CUSTOMSERVERSOCKET.OBJ
M:\MOON\MOON\X64\DEBUG\CUSTOMSOCKET.OBJ
M:\MOON\MOON\X64\DEBUG\CUSTOMSSTCLIENTSOCKET.OBJ
M:\MOON\MOON\X64\DEBUG\CUSTOMSSTSERVERCLIENTSOCKET.OBJ
M:\MOON\MOON\X64\DEBUG\CUSTOMWORKSOCKET.OBJ
M:\MOON\MOON\X64\DEBUG\DBMANAGER.OBJ
M:\MOON\MOON\X64\DEBUG\DOER.OBJ
M:\MOON\MOON\X64\DEBUG\DOERABILDATA.OBJ
M:\MOON\MOON\X64\DEBUG\DOERABILITY.OBJ
M:\MOON\MOON\X64\DEBUG\DOERBAG.OBJ
M:\MOON\MOON\X64\DEBUG\DOERBATTLE.OBJ
M:\MOON\MOON\X64\DEBUG\DOERBATTLEAI.OBJ
M:\MOON\MOON\X64\DEBUG\DOERBATTLEDEAL.OBJ
M:\MOON\MOON\X64\DEBUG\DOERCHAT.OBJ
M:\MOON\MOON\X64\DEBUG\DOEREQUIP.OBJ
M:\MOON\MOON\X64\DEBUG\DOERNPCTALK.OBJ
M:\MOON\MOON\X64\DEBUG\DOERQUEST.OBJ
M:\MOON\MOON\X64\DEBUG\DOERTEAM.OBJ
M:\MOON\MOON\X64\DEBUG\DOERUNIT.OBJ
M:\MOON\MOON\X64\DEBUG\DOERWEAPON.OBJ
M:\MOON\MOON\X64\DEBUG\ENTITY.OBJ
M:\MOON\MOON\X64\DEBUG\EPOLLREACTOR.OBJ
M:\MOON\MOON\X64\DEBUG\EVENTDISPATCHER.OBJ
M:\MOON\MOON\X64\DEBUG\EXECSOCKDATAMGR.OBJ
M:\MOON\MOON\X64\DEBUG\EXECSOCKMGR.OBJ
M:\MOON\MOON\X64\DEBUG\FILESTREAM.OBJ
M:\MOON\MOON\X64\DEBUG\GAMECOMMANDER.OBJ
M:\MOON\MOON\X64\DEBUG\GAMELOGMR.OBJ
M:\MOON\MOON\X64\DEBUG\GATEMANAGER.OBJ
M:\MOON\MOON\X64\DEBUG\GATESYNERGY.OBJ
M:\MOON\MOON\X64\DEBUG\GLOBALOBJALLOC.OBJ
M:\MOON\MOON\X64\DEBUG\GRIDITEM.OBJ
M:\MOON\MOON\X64\DEBUG\HANDLESTREAM.OBJ
M:\MOON\MOON\X64\DEBUG\IOCPREACTOR.OBJ
M:\MOON\MOON\X64\DEBUG\ITEMSACCESSOR.OBJ
M:\moon\moon\x64\Debug\link.command.1.tlog
M:\moon\moon\x64\Debug\link.read.1.tlog
M:\moon\moon\x64\Debug\link.write.1.tlog
M:\MOON\MOON\X64\DEBUG\LOGICENGINE.OBJ
M:\MOON\MOON\X64\DEBUG\LOGICEVENTDISPATCHER.OBJ
M:\MOON\MOON\X64\DEBUG\LOGICGATE.OBJ
M:\MOON\MOON\X64\DEBUG\LOGICSERVER.OBJ
M:\MOON\MOON\X64\DEBUG\LUACONFIG.OBJ
M:\MOON\MOON\X64\DEBUG\LUASCRIPT.OBJ
M:\MOON\MOON\X64\DEBUG\MAIN.OBJ
M:\MOON\MOON\X64\DEBUG\MAPMANAGER.OBJ
M:\MOON\MOON\X64\DEBUG\MEMORYSTREAM.OBJ
M:\MOON\MOON\X64\DEBUG\MINIDATETIME.OBJ
M:\MOON\MOON\X64\DEBUG\MNSTRING.OBJ
M:\MOON\MOON\X64\DEBUG\MONSTERACCESSOR.OBJ
M:\MOON\MOON\X64\DEBUG\MONSTERENGINE.OBJ
M:\MOON\MOON\X64\DEBUG\MOON.EXE.INTERMEDIATE.MANIFEST
M:\moon\moon\x64\Debug\mt.command.1.tlog
M:\moon\moon\x64\Debug\mt.read.1.tlog
M:\moon\moon\x64\Debug\mt.write.1.tlog
M:\MOON\MOON\X64\DEBUG\MYSQLCONNECTION.OBJ
M:\MOON\MOON\X64\DEBUG\NPC.OBJ
M:\MOON\MOON\X64\DEBUG\OS.OBJ
M:\MOON\MOON\X64\DEBUG\OUTPUTMSG.OBJ
M:\MOON\MOON\X64\DEBUG\PLAYER.OBJ
M:\MOON\MOON\X64\DEBUG\PLAYERDATA.OBJ
M:\MOON\MOON\X64\DEBUG\PLAYERDATAACCESSOR.OBJ
M:\MOON\MOON\X64\DEBUG\PLAYERLIST.OBJ
M:\MOON\MOON\X64\DEBUG\QUESTMANAGER.OBJ
M:\MOON\MOON\X64\DEBUG\RANDVALUE.OBJ
M:\MOON\MOON\X64\DEBUG\RWLOCK.OBJ
M:\MOON\MOON\X64\DEBUG\SCENEACCESSOR.OBJ
M:\MOON\MOON\X64\DEBUG\SCENEFILE.OBJ
M:\MOON\MOON\X64\DEBUG\SCRIPTSYSTEM.OBJ
M:\MOON\MOON\X64\DEBUG\SCRIPTVALUE.OBJ
M:\MOON\MOON\X64\DEBUG\SELECTREACTOR.OBJ
M:\MOON\MOON\X64\DEBUG\SELECTSOCKPROCESS.OBJ
M:\MOON\MOON\X64\DEBUG\SELECTTEST.OBJ
M:\MOON\MOON\X64\DEBUG\SENDPACKPOOL.OBJ
M:\MOON\MOON\X64\DEBUG\SHAREUTIL.OBJ
M:\MOON\MOON\X64\DEBUG\SKILLACCESSOR.OBJ
M:\MOON\MOON\X64\DEBUG\SKILLFUNC.OBJ
M:\MOON\MOON\X64\DEBUG\SKILLUTIL.OBJ
M:\MOON\MOON\X64\DEBUG\STDAFX.OBJ
M:\MOON\MOON\X64\DEBUG\STRINGCONVERT.OBJ
M:\MOON\MOON\X64\DEBUG\TEAM.OBJ
M:\MOON\MOON\X64\DEBUG\TEAMMANAGER.OBJ
M:\MOON\MOON\X64\DEBUG\TESTIOCP.OBJ
M:\MOON\MOON\X64\DEBUG\THREAD.OBJ
M:\MOON\MOON\X64\DEBUG\TICK.OBJ
M:\moon\moon\x64\Debug\vc100.idb
M:\MOON\MOON\X64\DEBUG\VC100.PDB
M:\MOON\MOON\X64\DEBUG\WEAPONACCESSOR.OBJ
M:\MOON\MOON\X64\DEBUG\WINICONV.OBJ
M:\MOON\MOON\X64\DEBUG\WSA.OBJ
M:\MOON\RUN\MOON.EXE
M:\MOON\RUN\MOON.ILK
M:\MOON\RUN\MOON.PDB
