M:\MOON\MOON\DEBUG\ACCOUNTMANAGER.OBJ
M:\MOON\MOON\DEBUG\ANSISTRING.OBJ
M:\MOON\MOON\DEBUG\BASEREACTOR.OBJ
M:\MOON\MOON\DEBUG\BASESTREAM.OBJ
M:\moon\moon\Debug\cl.command.1.tlog
M:\moon\moon\Debug\CL.read.1.tlog
M:\moon\moon\Debug\CL.write.1.tlog
M:\MOON\MOON\DEBUG\CMAPGRID.OBJ
M:\MOON\MOON\DEBUG\CONFIGMANAGER.OBJ
M:\MOON\MOON\DEBUG\CUSTOMCLIENTSOCKET.OBJ
M:\MOON\MOON\DEBUG\CUSTOMSERVERCLIENTSOCKET.OBJ
M:\MOON\MOON\DEBUG\CUSTOMSERVERSOCKET.OBJ
M:\MOON\MOON\DEBUG\CUSTOMSOCKET.OBJ
M:\MOON\MOON\DEBUG\CUSTOMSSTCLIENTSOCKET.OBJ
M:\MOON\MOON\DEBUG\CUSTOMSSTSERVERCLIENTSOCKET.OBJ
M:\MOON\MOON\DEBUG\CUSTOMWORKSOCKET.OBJ
M:\MOON\MOON\DEBUG\DBMANAGER.OBJ
M:\MOON\MOON\DEBUG\DOER.OBJ
M:\MOON\MOON\DEBUG\DOERABILDATA.OBJ
M:\MOON\MOON\DEBUG\DOERABILITY.OBJ
M:\MOON\MOON\DEBUG\DOERBAG.OBJ
M:\MOON\MOON\DEBUG\DOERBATTLE.OBJ
M:\MOON\MOON\DEBUG\DOERBATTLEAI.OBJ
M:\MOON\MOON\DEBUG\DOERBATTLEDEAL.OBJ
M:\MOON\MOON\DEBUG\DOERCHAT.OBJ
M:\MOON\MOON\DEBUG\DOEREQUIP.OBJ
M:\MOON\MOON\DEBUG\DOERNPCTALK.OBJ
M:\MOON\MOON\DEBUG\DOERQUEST.OBJ
M:\MOON\MOON\DEBUG\DOERTEAM.OBJ
M:\MOON\MOON\DEBUG\DOERUNIT.OBJ
M:\MOON\MOON\DEBUG\DOERWEAPON.OBJ
M:\MOON\MOON\DEBUG\ENTITY.OBJ
M:\MOON\MOON\DEBUG\EPOLLREACTOR.OBJ
M:\MOON\MOON\DEBUG\EVENTDISPATCHER.OBJ
M:\MOON\MOON\DEBUG\EXECSOCKDATAMGR.OBJ
M:\MOON\MOON\DEBUG\EXECSOCKMGR.OBJ
M:\MOON\MOON\DEBUG\FILESTREAM.OBJ
M:\MOON\MOON\DEBUG\GAMECOMMANDER.OBJ
M:\MOON\MOON\DEBUG\GAMELOGMR.OBJ
M:\MOON\MOON\DEBUG\GATEMANAGER.OBJ
M:\MOON\MOON\DEBUG\GATESYNERGY.OBJ
M:\MOON\MOON\DEBUG\GLOBALOBJALLOC.OBJ
M:\MOON\MOON\DEBUG\GRIDITEM.OBJ
M:\MOON\MOON\DEBUG\HANDLESTREAM.OBJ
M:\MOON\MOON\DEBUG\IOCPREACTOR.OBJ
M:\MOON\MOON\DEBUG\ITEMSACCESSOR.OBJ
M:\moon\moon\Debug\link.command.1.tlog
M:\moon\moon\Debug\link.read.1.tlog
M:\moon\moon\Debug\link.write.1.tlog
M:\MOON\MOON\DEBUG\LOGICENGINE.OBJ
M:\MOON\MOON\DEBUG\LOGICEVENTDISPATCHER.OBJ
M:\MOON\MOON\DEBUG\LOGICGATE.OBJ
M:\MOON\MOON\DEBUG\LOGICSERVER.OBJ
M:\MOON\MOON\DEBUG\LUACONFIG.OBJ
M:\MOON\MOON\DEBUG\LUASCRIPT.OBJ
M:\MOON\MOON\DEBUG\MAIN.OBJ
M:\MOON\MOON\DEBUG\MAPMANAGER.OBJ
M:\MOON\MOON\DEBUG\MEMORYSTREAM.OBJ
M:\MOON\MOON\DEBUG\MINIDATETIME.OBJ
M:\MOON\MOON\DEBUG\MNSTRING.OBJ
M:\MOON\MOON\DEBUG\MONSTERACCESSOR.OBJ
M:\MOON\MOON\DEBUG\MONSTERENGINE.OBJ
M:\moon\moon\Debug\moon.exe.intermediate.manifest
M:\moon\moon\Debug\moon.pdb
M:\MOON\MOON\DEBUG\MYSQLCONNECTION.OBJ
M:\MOON\MOON\DEBUG\NPC.OBJ
M:\MOON\MOON\DEBUG\OS.OBJ
M:\MOON\MOON\DEBUG\OUTPUTMSG.OBJ
M:\MOON\MOON\DEBUG\PLAYER.OBJ
M:\MOON\MOON\DEBUG\PLAYERDATA.OBJ
M:\MOON\MOON\DEBUG\PLAYERDATAACCESSOR.OBJ
M:\MOON\MOON\DEBUG\PLAYERLIST.OBJ
M:\MOON\MOON\DEBUG\QUESTMANAGER.OBJ
M:\MOON\MOON\DEBUG\RANDVALUE.OBJ
M:\MOON\MOON\DEBUG\RWLOCK.OBJ
M:\MOON\MOON\DEBUG\SCENEACCESSOR.OBJ
M:\MOON\MOON\DEBUG\SCENEFILE.OBJ
M:\MOON\MOON\DEBUG\SCRIPTSYSTEM.OBJ
M:\MOON\MOON\DEBUG\SCRIPTVALUE.OBJ
M:\MOON\MOON\DEBUG\SELECTREACTOR.OBJ
M:\MOON\MOON\DEBUG\SELECTSOCKPROCESS.OBJ
M:\MOON\MOON\DEBUG\SELECTTEST.OBJ
M:\MOON\MOON\DEBUG\SENDPACKPOOL.OBJ
M:\MOON\MOON\DEBUG\SHAREUTIL.OBJ
M:\MOON\MOON\DEBUG\SKILLACCESSOR.OBJ
M:\MOON\MOON\DEBUG\SKILLFUNC.OBJ
M:\MOON\MOON\DEBUG\SKILLUTIL.OBJ
M:\MOON\MOON\DEBUG\STDAFX.OBJ
M:\MOON\MOON\DEBUG\STRINGCONVERT.OBJ
M:\MOON\MOON\DEBUG\TEAM.OBJ
M:\MOON\MOON\DEBUG\TEAMMANAGER.OBJ
M:\MOON\MOON\DEBUG\TESTIOCP.OBJ
M:\MOON\MOON\DEBUG\THREAD.OBJ
M:\MOON\MOON\DEBUG\TICK.OBJ
M:\moon\moon\Debug\vc100.idb
M:\MOON\MOON\DEBUG\VC100.PDB
M:\MOON\MOON\DEBUG\WEAPONACCESSOR.OBJ
M:\MOON\MOON\DEBUG\WINICONV.OBJ
M:\MOON\MOON\DEBUG\WSA.OBJ
M:\MOON\MOON\STDAFX.PCH
