Build started 2013/9/23 11:10:54.
     1>Project "H:\moonProject\moon\MoonDb\MoonDb.vcxproj" on node 2 (build target(s)).
     1>C:\Program Files (x86)\MSBuild\Microsoft.Cpp\v4.0\Microsoft.CppBuild.targets(299,5): warning MSB8004: Output Directory does not end with a trailing slash.  This build instance will add the slash as it is required to allow proper evaluation of the Output Directory.
     1>InitializeBuildStatus:
         Touching "x64\Debug\MoonDb.unsuccessfulbuild".
       ClCompile:
         D:\Program Files (x86)\Microsoft Visual Studio 10.0\VC\bin\x86_amd64\CL.exe /c /Zi /nologo /W3 /WX- /Od /D WIN32 /D _DEBUG /D _CONSOLE /D _CRT_SECURE_NO_WARNINGS /D _MBCS /Gm /EHsc /RTC1 /MTd /GS /fp:precise /Zc:wchar_t /Zc:forScope /Yc"StdAfx.h" /Fp"x64\Debug\MoonDb.pch" /Fo"x64\Debug\\" /Fd"x64\Debug\vc100.pdb" /Gd /TP /errorReport:prompt DBDataServer.cpp DBEngine.cpp ZipBackup.cpp gameDb\LocalDB.cpp gameDb\SQLDB.cpp main.cpp stdafx.cpp
         stdafx.cpp
         main.cpp
     1>main.cpp(46): warning C4996: 'strnicmp': The POSIX name for this item is deprecated. Instead, use the ISO C++ conformant name: _strnicmp. See online help for details.
                 D:\Program Files (x86)\Microsoft Visual Studio 10.0\VC\include\string.h(248) : see declaration of 'strnicmp'
     1>main.cpp(57): warning C4996: 'strnicmp': The POSIX name for this item is deprecated. Instead, use the ISO C++ conformant name: _strnicmp. See online help for details.
                 D:\Program Files (x86)\Microsoft Visual Studio 10.0\VC\include\string.h(248) : see declaration of 'strnicmp'
         SQLDB.cpp
         LocalDB.cpp
         ZipBackup.cpp
         DBEngine.cpp
         DBDataServer.cpp
       ManifestResourceCompile:
         All outputs are up-to-date.
       Link:
         D:\Program Files (x86)\Microsoft Visual Studio 10.0\VC\bin\x86_amd64\link.exe /ERRORREPORT:PROMPT /OUT:"../dbRun\MoonDb.exe" /INCREMENTAL /NOLOGO moonLib.lib zlib.lib mysqlclient.lib lua51.lib tolua++.lib kernel32.lib user32.lib gdi32.lib winspool.lib comdlg32.lib advapi32.lib shell32.lib ole32.lib oleaut32.lib uuid.lib odbc32.lib odbccp32.lib /NODEFAULTLIB:LIBCMTD /NODEFAULTLIB:libcmt.lib /MANIFEST /ManifestFile:"x64\Debug\MoonDb.exe.intermediate.manifest" /MANIFESTUAC:"level='asInvoker' uiAccess='false'" /DEBUG /PDB:"H:\moonProject\moon\dbRun\MoonDb.pdb" /SUBSYSTEM:CONSOLE /TLBID:1 /DYNAMICBASE /NXCOMPAT /IMPLIB:"../dbRun\MoonDb.lib" /MACHINE:X64 x64\Debug\MoonDb.exe.embed.manifest.res
         x64\Debug\DBDataClient.obj
         x64\Debug\DBDataServer.obj
         x64\Debug\DBEngine.obj
         x64\Debug\LocalDB.obj
         x64\Debug\SQLDB.obj
         x64\Debug\main.obj
         x64\Debug\stdafx.obj
         x64\Debug\ZipBackup.obj
     1>mysqlclient.lib(client.obj) : warning LNK4099: PDB 'mysqlclient.pdb' was not found with 'mysqlclient.lib(client.obj)' or at 'H:\moonProject\moon\dbRun\mysqlclient.pdb'; linking object as if no debug info
     1>mysqlclient.lib(errmsg.obj) : warning LNK4099: PDB 'mysqlclient.pdb' was not found with 'mysqlclient.lib(errmsg.obj)' or at 'H:\moonProject\moon\dbRun\mysqlclient.pdb'; linking object as if no debug info
     1>mysqlclient.lib(libmysql.obj) : warning LNK4099: PDB 'mysqlclient.pdb' was not found with 'mysqlclient.lib(libmysql.obj)' or at 'H:\moonProject\moon\dbRun\mysqlclient.pdb'; linking object as if no debug info
     1>mysqlclient.lib(my_time.obj) : warning LNK4099: PDB 'mysqlclient.pdb' was not found with 'mysqlclient.lib(my_time.obj)' or at 'H:\moonProject\moon\dbRun\mysqlclient.pdb'; linking object as if no debug info
     1>mysqlclient.lib(net_serv.obj) : warning LNK4099: PDB 'mysqlclient.pdb' was not found with 'mysqlclient.lib(net_serv.obj)' or at 'H:\moonProject\moon\dbRun\mysqlclient.pdb'; linking object as if no debug info
     1>mysqlclient.lib(pack.obj) : warning LNK4099: PDB 'mysqlclient.pdb' was not found with 'mysqlclient.lib(pack.obj)' or at 'H:\moonProject\moon\dbRun\mysqlclient.pdb'; linking object as if no debug info
     1>mysqlclient.lib(password.obj) : warning LNK4099: PDB 'mysqlclient.pdb' was not found with 'mysqlclient.lib(password.obj)' or at 'H:\moonProject\moon\dbRun\mysqlclient.pdb'; linking object as if no debug info
     1>mysqlclient.lib(adler32.obj) : warning LNK4099: PDB 'mysqlclient.pdb' was not found with 'mysqlclient.lib(adler32.obj)' or at 'H:\moonProject\moon\dbRun\mysqlclient.pdb'; linking object as if no debug info
     1>mysqlclient.lib(compress.obj) : warning LNK4099: PDB 'mysqlclient.pdb' was not found with 'mysqlclient.lib(compress.obj)' or at 'H:\moonProject\moon\dbRun\mysqlclient.pdb'; linking object as if no debug info
     1>mysqlclient.lib(crc32.obj) : warning LNK4099: PDB 'mysqlclient.pdb' was not found with 'mysqlclient.lib(crc32.obj)' or at 'H:\moonProject\moon\dbRun\mysqlclient.pdb'; linking object as if no debug info
     1>mysqlclient.lib(deflate.obj) : warning LNK4099: PDB 'mysqlclient.pdb' was not found with 'mysqlclient.lib(deflate.obj)' or at 'H:\moonProject\moon\dbRun\mysqlclient.pdb'; linking object as if no debug info
     1>mysqlclient.lib(inffast.obj) : warning LNK4099: PDB 'mysqlclient.pdb' was not found with 'mysqlclient.lib(inffast.obj)' or at 'H:\moonProject\moon\dbRun\mysqlclient.pdb'; linking object as if no debug info
     1>mysqlclient.lib(inflate.obj) : warning LNK4099: PDB 'mysqlclient.pdb' was not found with 'mysqlclient.lib(inflate.obj)' or at 'H:\moonProject\moon\dbRun\mysqlclient.pdb'; linking object as if no debug info
     1>mysqlclient.lib(inftrees.obj) : warning LNK4099: PDB 'mysqlclient.pdb' was not found with 'mysqlclient.lib(inftrees.obj)' or at 'H:\moonProject\moon\dbRun\mysqlclient.pdb'; linking object as if no debug info
     1>mysqlclient.lib(trees.obj) : warning LNK4099: PDB 'mysqlclient.pdb' was not found with 'mysqlclient.lib(trees.obj)' or at 'H:\moonProject\moon\dbRun\mysqlclient.pdb'; linking object as if no debug info
     1>mysqlclient.lib(uncompr.obj) : warning LNK4099: PDB 'mysqlclient.pdb' was not found with 'mysqlclient.lib(uncompr.obj)' or at 'H:\moonProject\moon\dbRun\mysqlclient.pdb'; linking object as if no debug info
     1>mysqlclient.lib(zutil.obj) : warning LNK4099: PDB 'mysqlclient.pdb' was not found with 'mysqlclient.lib(zutil.obj)' or at 'H:\moonProject\moon\dbRun\mysqlclient.pdb'; linking object as if no debug info
     1>mysqlclient.lib(aes.obj) : warning LNK4099: PDB 'mysqlclient.pdb' was not found with 'mysqlclient.lib(aes.obj)' or at 'H:\moonProject\moon\dbRun\mysqlclient.pdb'; linking object as if no debug info
     1>mysqlclient.lib(aestables.obj) : warning LNK4099: PDB 'mysqlclient.pdb' was not found with 'mysqlclient.lib(aestables.obj)' or at 'H:\moonProject\moon\dbRun\mysqlclient.pdb'; linking object as if no debug info
     1>mysqlclient.lib(algebra.obj) : warning LNK4099: PDB 'mysqlclient.pdb' was not found with 'mysqlclient.lib(algebra.obj)' or at 'H:\moonProject\moon\dbRun\mysqlclient.pdb'; linking object as if no debug info
     1>mysqlclient.lib(arc4.obj) : warning LNK4099: PDB 'mysqlclient.pdb' was not found with 'mysqlclient.lib(arc4.obj)' or at 'H:\moonProject\moon\dbRun\mysqlclient.pdb'; linking object as if no debug info
     1>mysqlclient.lib(asn.obj) : warning LNK4099: PDB 'mysqlclient.pdb' was not found with 'mysqlclient.lib(asn.obj)' or at 'H:\moonProject\moon\dbRun\mysqlclient.pdb'; linking object as if no debug info
     1>mysqlclient.lib(coding.obj) : warning LNK4099: PDB 'mysqlclient.pdb' was not found with 'mysqlclient.lib(coding.obj)' or at 'H:\moonProject\moon\dbRun\mysqlclient.pdb'; linking object as if no debug info
     1>mysqlclient.lib(des.obj) : warning LNK4099: PDB 'mysqlclient.pdb' was not found with 'mysqlclient.lib(des.obj)' or at 'H:\moonProject\moon\dbRun\mysqlclient.pdb'; linking object as if no debug info
     1>mysqlclient.lib(dh.obj) : warning LNK4099: PDB 'mysqlclient.pdb' was not found with 'mysqlclient.lib(dh.obj)' or at 'H:\moonProject\moon\dbRun\mysqlclient.pdb'; linking object as if no debug info
     1>mysqlclient.lib(dsa.obj) : warning LNK4099: PDB 'mysqlclient.pdb' was not found with 'mysqlclient.lib(dsa.obj)' or at 'H:\moonProject\moon\dbRun\mysqlclient.pdb'; linking object as if no debug info
     1>mysqlclient.lib(file.obj) : warning LNK4099: PDB 'mysqlclient.pdb' was not found with 'mysqlclient.lib(file.obj)' or at 'H:\moonProject\moon\dbRun\mysqlclient.pdb'; linking object as if no debug info
     1>mysqlclient.lib(hash.cpp.obj) : warning LNK4099: PDB 'mysqlclient.pdb' was not found with 'mysqlclient.lib(hash.cpp.obj)' or at 'H:\moonProject\moon\dbRun\mysqlclient.pdb'; linking object as if no debug info
     1>mysqlclient.lib(integer.obj) : warning LNK4099: PDB 'mysqlclient.pdb' was not found with 'mysqlclient.lib(integer.obj)' or at 'H:\moonProject\moon\dbRun\mysqlclient.pdb'; linking object as if no debug info
     1>mysqlclient.lib(md2.obj) : warning LNK4099: PDB 'mysqlclient.pdb' was not found with 'mysqlclient.lib(md2.obj)' or at 'H:\moonProject\moon\dbRun\mysqlclient.pdb'; linking object as if no debug info
     1>mysqlclient.lib(md4.obj) : warning LNK4099: PDB 'mysqlclient.pdb' was not found with 'mysqlclient.lib(md4.obj)' or at 'H:\moonProject\moon\dbRun\mysqlclient.pdb'; linking object as if no debug info
     1>mysqlclient.lib(md5.cpp.obj) : warning LNK4099: PDB 'mysqlclient.pdb' was not found with 'mysqlclient.lib(md5.cpp.obj)' or at 'H:\moonProject\moon\dbRun\mysqlclient.pdb'; linking object as if no debug info
     1>mysqlclient.lib(misc.obj) : warning LNK4099: PDB 'mysqlclient.pdb' was not found with 'mysqlclient.lib(misc.obj)' or at 'H:\moonProject\moon\dbRun\mysqlclient.pdb'; linking object as if no debug info
     1>mysqlclient.lib(random.obj) : warning LNK4099: PDB 'mysqlclient.pdb' was not found with 'mysqlclient.lib(random.obj)' or at 'H:\moonProject\moon\dbRun\mysqlclient.pdb'; linking object as if no debug info
     1>mysqlclient.lib(ripemd.obj) : warning LNK4099: PDB 'mysqlclient.pdb' was not found with 'mysqlclient.lib(ripemd.obj)' or at 'H:\moonProject\moon\dbRun\mysqlclient.pdb'; linking object as if no debug info
     1>mysqlclient.lib(rsa.obj) : warning LNK4099: PDB 'mysqlclient.pdb' was not found with 'mysqlclient.lib(rsa.obj)' or at 'H:\moonProject\moon\dbRun\mysqlclient.pdb'; linking object as if no debug info
     1>mysqlclient.lib(sha.obj) : warning LNK4099: PDB 'mysqlclient.pdb' was not found with 'mysqlclient.lib(sha.obj)' or at 'H:\moonProject\moon\dbRun\mysqlclient.pdb'; linking object as if no debug info
     1>mysqlclient.lib(buffer.obj) : warning LNK4099: PDB 'mysqlclient.pdb' was not found with 'mysqlclient.lib(buffer.obj)' or at 'H:\moonProject\moon\dbRun\mysqlclient.pdb'; linking object as if no debug info
     1>mysqlclient.lib(cert_wrapper.obj) : warning LNK4099: PDB 'mysqlclient.pdb' was not found with 'mysqlclient.lib(cert_wrapper.obj)' or at 'H:\moonProject\moon\dbRun\mysqlclient.pdb'; linking object as if no debug info
     1>mysqlclient.lib(crypto_wrapper.obj) : warning LNK4099: PDB 'mysqlclient.pdb' was not found with 'mysqlclient.lib(crypto_wrapper.obj)' or at 'H:\moonProject\moon\dbRun\mysqlclient.pdb'; linking object as if no debug info
     1>mysqlclient.lib(handshake.obj) : warning LNK4099: PDB 'mysqlclient.pdb' was not found with 'mysqlclient.lib(handshake.obj)' or at 'H:\moonProject\moon\dbRun\mysqlclient.pdb'; linking object as if no debug info
     1>mysqlclient.lib(log.obj) : warning LNK4099: PDB 'mysqlclient.pdb' was not found with 'mysqlclient.lib(log.obj)' or at 'H:\moonProject\moon\dbRun\mysqlclient.pdb'; linking object as if no debug info
     1>mysqlclient.lib(socket_wrapper.obj) : warning LNK4099: PDB 'mysqlclient.pdb' was not found with 'mysqlclient.lib(socket_wrapper.obj)' or at 'H:\moonProject\moon\dbRun\mysqlclient.pdb'; linking object as if no debug info
     1>mysqlclient.lib(ssl.obj) : warning LNK4099: PDB 'mysqlclient.pdb' was not found with 'mysqlclient.lib(ssl.obj)' or at 'H:\moonProject\moon\dbRun\mysqlclient.pdb'; linking object as if no debug info
     1>mysqlclient.lib(timer.obj) : warning LNK4099: PDB 'mysqlclient.pdb' was not found with 'mysqlclient.lib(timer.obj)' or at 'H:\moonProject\moon\dbRun\mysqlclient.pdb'; linking object as if no debug info
     1>mysqlclient.lib(yassl_error.obj) : warning LNK4099: PDB 'mysqlclient.pdb' was not found with 'mysqlclient.lib(yassl_error.obj)' or at 'H:\moonProject\moon\dbRun\mysqlclient.pdb'; linking object as if no debug info
     1>mysqlclient.lib(yassl_imp.obj) : warning LNK4099: PDB 'mysqlclient.pdb' was not found with 'mysqlclient.lib(yassl_imp.obj)' or at 'H:\moonProject\moon\dbRun\mysqlclient.pdb'; linking object as if no debug info
     1>mysqlclient.lib(yassl_int.obj) : warning LNK4099: PDB 'mysqlclient.pdb' was not found with 'mysqlclient.lib(yassl_int.obj)' or at 'H:\moonProject\moon\dbRun\mysqlclient.pdb'; linking object as if no debug info
     1>mysqlclient.lib(array.obj) : warning LNK4099: PDB 'mysqlclient.pdb' was not found with 'mysqlclient.lib(array.obj)' or at 'H:\moonProject\moon\dbRun\mysqlclient.pdb'; linking object as if no debug info
     1>mysqlclient.lib(charset-def.obj) : warning LNK4099: PDB 'mysqlclient.pdb' was not found with 'mysqlclient.lib(charset-def.obj)' or at 'H:\moonProject\moon\dbRun\mysqlclient.pdb'; linking object as if no debug info
     1>mysqlclient.lib(charset.obj) : warning LNK4099: PDB 'mysqlclient.pdb' was not found with 'mysqlclient.lib(charset.obj)' or at 'H:\moonProject\moon\dbRun\mysqlclient.pdb'; linking object as if no debug info
     1>mysqlclient.lib(default.obj) : warning LNK4099: PDB 'mysqlclient.pdb' was not found with 'mysqlclient.lib(default.obj)' or at 'H:\moonProject\moon\dbRun\mysqlclient.pdb'; linking object as if no debug info
     1>mysqlclient.lib(errors.obj) : warning LNK4099: PDB 'mysqlclient.pdb' was not found with 'mysqlclient.lib(errors.obj)' or at 'H:\moonProject\moon\dbRun\mysqlclient.pdb'; linking object as if no debug info
     1>mysqlclient.lib(list.obj) : warning LNK4099: PDB 'mysqlclient.pdb' was not found with 'mysqlclient.lib(list.obj)' or at 'H:\moonProject\moon\dbRun\mysqlclient.pdb'; linking object as if no debug info
     1>mysqlclient.lib(mf_dirname.obj) : warning LNK4099: PDB 'mysqlclient.pdb' was not found with 'mysqlclient.lib(mf_dirname.obj)' or at 'H:\moonProject\moon\dbRun\mysqlclient.pdb'; linking object as if no debug info
     1>mysqlclient.lib(mf_fn_ext.obj) : warning LNK4099: PDB 'mysqlclient.pdb' was not found with 'mysqlclient.lib(mf_fn_ext.obj)' or at 'H:\moonProject\moon\dbRun\mysqlclient.pdb'; linking object as if no debug info
     1>mysqlclient.lib(mf_format.obj) : warning LNK4099: PDB 'mysqlclient.pdb' was not found with 'mysqlclient.lib(mf_format.obj)' or at 'H:\moonProject\moon\dbRun\mysqlclient.pdb'; linking object as if no debug info
     1>mysqlclient.lib(mf_loadpath.obj) : warning LNK4099: PDB 'mysqlclient.pdb' was not found with 'mysqlclient.lib(mf_loadpath.obj)' or at 'H:\moonProject\moon\dbRun\mysqlclient.pdb'; linking object as if no debug info
     1>mysqlclient.lib(mf_pack.obj) : warning LNK4099: PDB 'mysqlclient.pdb' was not found with 'mysqlclient.lib(mf_pack.obj)' or at 'H:\moonProject\moon\dbRun\mysqlclient.pdb'; linking object as if no debug info
     1>mysqlclient.lib(mf_qsort.obj) : warning LNK4099: PDB 'mysqlclient.pdb' was not found with 'mysqlclient.lib(mf_qsort.obj)' or at 'H:\moonProject\moon\dbRun\mysqlclient.pdb'; linking object as if no debug info
     1>mysqlclient.lib(mf_arr_appstr.obj) : warning LNK4099: PDB 'mysqlclient.pdb' was not found with 'mysqlclient.lib(mf_arr_appstr.obj)' or at 'H:\moonProject\moon\dbRun\mysqlclient.pdb'; linking object as if no debug info
     1>mysqlclient.lib(mulalloc.obj) : warning LNK4099: PDB 'mysqlclient.pdb' was not found with 'mysqlclient.lib(mulalloc.obj)' or at 'H:\moonProject\moon\dbRun\mysqlclient.pdb'; linking object as if no debug info
     1>mysqlclient.lib(my_access.obj) : warning LNK4099: PDB 'mysqlclient.pdb' was not found with 'mysqlclient.lib(my_access.obj)' or at 'H:\moonProject\moon\dbRun\mysqlclient.pdb'; linking object as if no debug info
     1>mysqlclient.lib(my_alloc.obj) : warning LNK4099: PDB 'mysqlclient.pdb' was not found with 'mysqlclient.lib(my_alloc.obj)' or at 'H:\moonProject\moon\dbRun\mysqlclient.pdb'; linking object as if no debug info
     1>mysqlclient.lib(my_compress.obj) : warning LNK4099: PDB 'mysqlclient.pdb' was not found with 'mysqlclient.lib(my_compress.obj)' or at 'H:\moonProject\moon\dbRun\mysqlclient.pdb'; linking object as if no debug info
     1>mysqlclient.lib(my_div.obj) : warning LNK4099: PDB 'mysqlclient.pdb' was not found with 'mysqlclient.lib(my_div.obj)' or at 'H:\moonProject\moon\dbRun\mysqlclient.pdb'; linking object as if no debug info
     1>mysqlclient.lib(my_error.obj) : warning LNK4099: PDB 'mysqlclient.pdb' was not found with 'mysqlclient.lib(my_error.obj)' or at 'H:\moonProject\moon\dbRun\mysqlclient.pdb'; linking object as if no debug info
     1>mysqlclient.lib(my_fopen.obj) : warning LNK4099: PDB 'mysqlclient.pdb' was not found with 'mysqlclient.lib(my_fopen.obj)' or at 'H:\moonProject\moon\dbRun\mysqlclient.pdb'; linking object as if no debug info
     1>mysqlclient.lib(my_fstream.obj) : warning LNK4099: PDB 'mysqlclient.pdb' was not found with 'mysqlclient.lib(my_fstream.obj)' or at 'H:\moonProject\moon\dbRun\mysqlclient.pdb'; linking object as if no debug info
     1>mysqlclient.lib(my_getwd.obj) : warning LNK4099: PDB 'mysqlclient.pdb' was not found with 'mysqlclient.lib(my_getwd.obj)' or at 'H:\moonProject\moon\dbRun\mysqlclient.pdb'; linking object as if no debug info
     1>mysqlclient.lib(my_init.obj) : warning LNK4099: PDB 'mysqlclient.pdb' was not found with 'mysqlclient.lib(my_init.obj)' or at 'H:\moonProject\moon\dbRun\mysqlclient.pdb'; linking object as if no debug info
     1>mysqlclient.lib(my_lib.obj) : warning LNK4099: PDB 'mysqlclient.pdb' was not found with 'mysqlclient.lib(my_lib.obj)' or at 'H:\moonProject\moon\dbRun\mysqlclient.pdb'; linking object as if no debug info
     1>mysqlclient.lib(my_malloc.obj) : warning LNK4099: PDB 'mysqlclient.pdb' was not found with 'mysqlclient.lib(my_malloc.obj)' or at 'H:\moonProject\moon\dbRun\mysqlclient.pdb'; linking object as if no debug info
     1>mysqlclient.lib(my_messnc.obj) : warning LNK4099: PDB 'mysqlclient.pdb' was not found with 'mysqlclient.lib(my_messnc.obj)' or at 'H:\moonProject\moon\dbRun\mysqlclient.pdb'; linking object as if no debug info
     1>mysqlclient.lib(my_once.obj) : warning LNK4099: PDB 'mysqlclient.pdb' was not found with 'mysqlclient.lib(my_once.obj)' or at 'H:\moonProject\moon\dbRun\mysqlclient.pdb'; linking object as if no debug info
     1>mysqlclient.lib(my_open.obj) : warning LNK4099: PDB 'mysqlclient.pdb' was not found with 'mysqlclient.lib(my_open.obj)' or at 'H:\moonProject\moon\dbRun\mysqlclient.pdb'; linking object as if no debug info
     1>mysqlclient.lib(my_pthread.obj) : warning LNK4099: PDB 'mysqlclient.pdb' was not found with 'mysqlclient.lib(my_pthread.obj)' or at 'H:\moonProject\moon\dbRun\mysqlclient.pdb'; linking object as if no debug info
     1>mysqlclient.lib(my_read.obj) : warning LNK4099: PDB 'mysqlclient.pdb' was not found with 'mysqlclient.lib(my_read.obj)' or at 'H:\moonProject\moon\dbRun\mysqlclient.pdb'; linking object as if no debug info
     1>mysqlclient.lib(my_realloc.obj) : warning LNK4099: PDB 'mysqlclient.pdb' was not found with 'mysqlclient.lib(my_realloc.obj)' or at 'H:\moonProject\moon\dbRun\mysqlclient.pdb'; linking object as if no debug info
     1>mysqlclient.lib(my_static.obj) : warning LNK4099: PDB 'mysqlclient.pdb' was not found with 'mysqlclient.lib(my_static.obj)' or at 'H:\moonProject\moon\dbRun\mysqlclient.pdb'; linking object as if no debug info
     1>mysqlclient.lib(my_symlink.obj) : warning LNK4099: PDB 'mysqlclient.pdb' was not found with 'mysqlclient.lib(my_symlink.obj)' or at 'H:\moonProject\moon\dbRun\mysqlclient.pdb'; linking object as if no debug info
     1>mysqlclient.lib(my_thr_init.obj) : warning LNK4099: PDB 'mysqlclient.pdb' was not found with 'mysqlclient.lib(my_thr_init.obj)' or at 'H:\moonProject\moon\dbRun\mysqlclient.pdb'; linking object as if no debug info
     1>mysqlclient.lib(my_wincond.obj) : warning LNK4099: PDB 'mysqlclient.pdb' was not found with 'mysqlclient.lib(my_wincond.obj)' or at 'H:\moonProject\moon\dbRun\mysqlclient.pdb'; linking object as if no debug info
     1>mysqlclient.lib(my_winerr.obj) : warning LNK4099: PDB 'mysqlclient.pdb' was not found with 'mysqlclient.lib(my_winerr.obj)' or at 'H:\moonProject\moon\dbRun\mysqlclient.pdb'; linking object as if no debug info
     1>mysqlclient.lib(my_winfile.obj) : warning LNK4099: PDB 'mysqlclient.pdb' was not found with 'mysqlclient.lib(my_winfile.obj)' or at 'H:\moonProject\moon\dbRun\mysqlclient.pdb'; linking object as if no debug info
     1>mysqlclient.lib(sha1.obj) : warning LNK4099: PDB 'mysqlclient.pdb' was not found with 'mysqlclient.lib(sha1.obj)' or at 'H:\moonProject\moon\dbRun\mysqlclient.pdb'; linking object as if no debug info
     1>mysqlclient.lib(typelib.obj) : warning LNK4099: PDB 'mysqlclient.pdb' was not found with 'mysqlclient.lib(typelib.obj)' or at 'H:\moonProject\moon\dbRun\mysqlclient.pdb'; linking object as if no debug info
     1>mysqlclient.lib(my_rnd.obj) : warning LNK4099: PDB 'mysqlclient.pdb' was not found with 'mysqlclient.lib(my_rnd.obj)' or at 'H:\moonProject\moon\dbRun\mysqlclient.pdb'; linking object as if no debug info
     1>mysqlclient.lib(bchange.obj) : warning LNK4099: PDB 'mysqlclient.pdb' was not found with 'mysqlclient.lib(bchange.obj)' or at 'H:\moonProject\moon\dbRun\mysqlclient.pdb'; linking object as if no debug info
     1>mysqlclient.lib(bmove_upp.obj) : warning LNK4099: PDB 'mysqlclient.pdb' was not found with 'mysqlclient.lib(bmove_upp.obj)' or at 'H:\moonProject\moon\dbRun\mysqlclient.pdb'; linking object as if no debug info
     1>mysqlclient.lib(ctype-big5.obj) : warning LNK4099: PDB 'mysqlclient.pdb' was not found with 'mysqlclient.lib(ctype-big5.obj)' or at 'H:\moonProject\moon\dbRun\mysqlclient.pdb'; linking object as if no debug info
     1>mysqlclient.lib(ctype-bin.obj) : warning LNK4099: PDB 'mysqlclient.pdb' was not found with 'mysqlclient.lib(ctype-bin.obj)' or at 'H:\moonProject\moon\dbRun\mysqlclient.pdb'; linking object as if no debug info
     1>mysqlclient.lib(ctype-cp932.obj) : warning LNK4099: PDB 'mysqlclient.pdb' was not found with 'mysqlclient.lib(ctype-cp932.obj)' or at 'H:\moonProject\moon\dbRun\mysqlclient.pdb'; linking object as if no debug info
     1>mysqlclient.lib(ctype-czech.obj) : warning LNK4099: PDB 'mysqlclient.pdb' was not found with 'mysqlclient.lib(ctype-czech.obj)' or at 'H:\moonProject\moon\dbRun\mysqlclient.pdb'; linking object as if no debug info
     1>mysqlclient.lib(ctype-euc_kr.obj) : warning LNK4099: PDB 'mysqlclient.pdb' was not found with 'mysqlclient.lib(ctype-euc_kr.obj)' or at 'H:\moonProject\moon\dbRun\mysqlclient.pdb'; linking object as if no debug info
     1>mysqlclient.lib(ctype-eucjpms.obj) : warning LNK4099: PDB 'mysqlclient.pdb' was not found with 'mysqlclient.lib(ctype-eucjpms.obj)' or at 'H:\moonProject\moon\dbRun\mysqlclient.pdb'; linking object as if no debug info
     1>mysqlclient.lib(ctype-extra.obj) : warning LNK4099: PDB 'mysqlclient.pdb' was not found with 'mysqlclient.lib(ctype-extra.obj)' or at 'H:\moonProject\moon\dbRun\mysqlclient.pdb'; linking object as if no debug info
     1>mysqlclient.lib(ctype-gb2312.obj) : warning LNK4099: PDB 'mysqlclient.pdb' was not found with 'mysqlclient.lib(ctype-gb2312.obj)' or at 'H:\moonProject\moon\dbRun\mysqlclient.pdb'; linking object as if no debug info
     1>mysqlclient.lib(ctype-gbk.obj) : warning LNK4099: PDB 'mysqlclient.pdb' was not found with 'mysqlclient.lib(ctype-gbk.obj)' or at 'H:\moonProject\moon\dbRun\mysqlclient.pdb'; linking object as if no debug info
     1>mysqlclient.lib(ctype-latin1.obj) : warning LNK4099: PDB 'mysqlclient.pdb' was not found with 'mysqlclient.lib(ctype-latin1.obj)' or at 'H:\moonProject\moon\dbRun\mysqlclient.pdb'; linking object as if no debug info
     1>mysqlclient.lib(ctype-mb.obj) : warning LNK4099: PDB 'mysqlclient.pdb' was not found with 'mysqlclient.lib(ctype-mb.obj)' or at 'H:\moonProject\moon\dbRun\mysqlclient.pdb'; linking object as if no debug info
     1>mysqlclient.lib(ctype-simple.obj) : warning LNK4099: PDB 'mysqlclient.pdb' was not found with 'mysqlclient.lib(ctype-simple.obj)' or at 'H:\moonProject\moon\dbRun\mysqlclient.pdb'; linking object as if no debug info
     1>mysqlclient.lib(ctype-sjis.obj) : warning LNK4099: PDB 'mysqlclient.pdb' was not found with 'mysqlclient.lib(ctype-sjis.obj)' or at 'H:\moonProject\moon\dbRun\mysqlclient.pdb'; linking object as if no debug info
     1>mysqlclient.lib(ctype-tis620.obj) : warning LNK4099: PDB 'mysqlclient.pdb' was not found with 'mysqlclient.lib(ctype-tis620.obj)' or at 'H:\moonProject\moon\dbRun\mysqlclient.pdb'; linking object as if no debug info
     1>mysqlclient.lib(ctype-uca.obj) : warning LNK4099: PDB 'mysqlclient.pdb' was not found with 'mysqlclient.lib(ctype-uca.obj)' or at 'H:\moonProject\moon\dbRun\mysqlclient.pdb'; linking object as if no debug info
     1>mysqlclient.lib(ctype-ucs2.obj) : warning LNK4099: PDB 'mysqlclient.pdb' was not found with 'mysqlclient.lib(ctype-ucs2.obj)' or at 'H:\moonProject\moon\dbRun\mysqlclient.pdb'; linking object as if no debug info
     1>mysqlclient.lib(ctype-ujis.obj) : warning LNK4099: PDB 'mysqlclient.pdb' was not found with 'mysqlclient.lib(ctype-ujis.obj)' or at 'H:\moonProject\moon\dbRun\mysqlclient.pdb'; linking object as if no debug info
     1>mysqlclient.lib(ctype-utf8.obj) : warning LNK4099: PDB 'mysqlclient.pdb' was not found with 'mysqlclient.lib(ctype-utf8.obj)' or at 'H:\moonProject\moon\dbRun\mysqlclient.pdb'; linking object as if no debug info
     1>mysqlclient.lib(ctype-win1250ch.obj) : warning LNK4099: PDB 'mysqlclient.pdb' was not found with 'mysqlclient.lib(ctype-win1250ch.obj)' or at 'H:\moonProject\moon\dbRun\mysqlclient.pdb'; linking object as if no debug info
     1>mysqlclient.lib(ctype.obj) : warning LNK4099: PDB 'mysqlclient.pdb' was not found with 'mysqlclient.lib(ctype.obj)' or at 'H:\moonProject\moon\dbRun\mysqlclient.pdb'; linking object as if no debug info
     1>mysqlclient.lib(dtoa.obj) : warning LNK4099: PDB 'mysqlclient.pdb' was not found with 'mysqlclient.lib(dtoa.obj)' or at 'H:\moonProject\moon\dbRun\mysqlclient.pdb'; linking object as if no debug info
     1>mysqlclient.lib(int2str.obj) : warning LNK4099: PDB 'mysqlclient.pdb' was not found with 'mysqlclient.lib(int2str.obj)' or at 'H:\moonProject\moon\dbRun\mysqlclient.pdb'; linking object as if no debug info
     1>mysqlclient.lib(is_prefix.obj) : warning LNK4099: PDB 'mysqlclient.pdb' was not found with 'mysqlclient.lib(is_prefix.obj)' or at 'H:\moonProject\moon\dbRun\mysqlclient.pdb'; linking object as if no debug info
     1>mysqlclient.lib(longlong2str.obj) : warning LNK4099: PDB 'mysqlclient.pdb' was not found with 'mysqlclient.lib(longlong2str.obj)' or at 'H:\moonProject\moon\dbRun\mysqlclient.pdb'; linking object as if no debug info
     1>mysqlclient.lib(my_strtoll10.obj) : warning LNK4099: PDB 'mysqlclient.pdb' was not found with 'mysqlclient.lib(my_strtoll10.obj)' or at 'H:\moonProject\moon\dbRun\mysqlclient.pdb'; linking object as if no debug info
     1>mysqlclient.lib(my_vsnprintf.obj) : warning LNK4099: PDB 'mysqlclient.pdb' was not found with 'mysqlclient.lib(my_vsnprintf.obj)' or at 'H:\moonProject\moon\dbRun\mysqlclient.pdb'; linking object as if no debug info
     1>mysqlclient.lib(str2int.obj) : warning LNK4099: PDB 'mysqlclient.pdb' was not found with 'mysqlclient.lib(str2int.obj)' or at 'H:\moonProject\moon\dbRun\mysqlclient.pdb'; linking object as if no debug info
     1>mysqlclient.lib(str_alloc.obj) : warning LNK4099: PDB 'mysqlclient.pdb' was not found with 'mysqlclient.lib(str_alloc.obj)' or at 'H:\moonProject\moon\dbRun\mysqlclient.pdb'; linking object as if no debug info
     1>mysqlclient.lib(strcend.obj) : warning LNK4099: PDB 'mysqlclient.pdb' was not found with 'mysqlclient.lib(strcend.obj)' or at 'H:\moonProject\moon\dbRun\mysqlclient.pdb'; linking object as if no debug info
     1>mysqlclient.lib(strend.obj) : warning LNK4099: PDB 'mysqlclient.pdb' was not found with 'mysqlclient.lib(strend.obj)' or at 'H:\moonProject\moon\dbRun\mysqlclient.pdb'; linking object as if no debug info
     1>mysqlclient.lib(strmake.obj) : warning LNK4099: PDB 'mysqlclient.pdb' was not found with 'mysqlclient.lib(strmake.obj)' or at 'H:\moonProject\moon\dbRun\mysqlclient.pdb'; linking object as if no debug info
     1>mysqlclient.lib(strmov.obj) : warning LNK4099: PDB 'mysqlclient.pdb' was not found with 'mysqlclient.lib(strmov.obj)' or at 'H:\moonProject\moon\dbRun\mysqlclient.pdb'; linking object as if no debug info
     1>mysqlclient.lib(strnmov.obj) : warning LNK4099: PDB 'mysqlclient.pdb' was not found with 'mysqlclient.lib(strnmov.obj)' or at 'H:\moonProject\moon\dbRun\mysqlclient.pdb'; linking object as if no debug info
     1>mysqlclient.lib(strxmov.obj) : warning LNK4099: PDB 'mysqlclient.pdb' was not found with 'mysqlclient.lib(strxmov.obj)' or at 'H:\moonProject\moon\dbRun\mysqlclient.pdb'; linking object as if no debug info
     1>mysqlclient.lib(strxnmov.obj) : warning LNK4099: PDB 'mysqlclient.pdb' was not found with 'mysqlclient.lib(strxnmov.obj)' or at 'H:\moonProject\moon\dbRun\mysqlclient.pdb'; linking object as if no debug info
     1>mysqlclient.lib(xml.obj) : warning LNK4099: PDB 'mysqlclient.pdb' was not found with 'mysqlclient.lib(xml.obj)' or at 'H:\moonProject\moon\dbRun\mysqlclient.pdb'; linking object as if no debug info
     1>mysqlclient.lib(vio.obj) : warning LNK4099: PDB 'mysqlclient.pdb' was not found with 'mysqlclient.lib(vio.obj)' or at 'H:\moonProject\moon\dbRun\mysqlclient.pdb'; linking object as if no debug info
     1>mysqlclient.lib(viosocket.obj) : warning LNK4099: PDB 'mysqlclient.pdb' was not found with 'mysqlclient.lib(viosocket.obj)' or at 'H:\moonProject\moon\dbRun\mysqlclient.pdb'; linking object as if no debug info
     1>mysqlclient.lib(viossl.obj) : warning LNK4099: PDB 'mysqlclient.pdb' was not found with 'mysqlclient.lib(viossl.obj)' or at 'H:\moonProject\moon\dbRun\mysqlclient.pdb'; linking object as if no debug info
     1>mysqlclient.lib(viosslfactories.obj) : warning LNK4099: PDB 'mysqlclient.pdb' was not found with 'mysqlclient.lib(viosslfactories.obj)' or at 'H:\moonProject\moon\dbRun\mysqlclient.pdb'; linking object as if no debug info
         MoonDb.vcxproj -> H:\moonProject\moon\MoonDb\../dbRun\MoonDb.exe
       Manifest:
         C:\Program Files (x86)\Microsoft SDKs\Windows\v7.0A\bin\mt.exe /nologo /verbose /out:"x64\Debug\MoonDb.exe.embed.manifest" /manifest x64\Debug\MoonDb.exe.intermediate.manifest
         All outputs are up-to-date.
       LinkEmbedManifest:
         All outputs are up-to-date.
         MoonDb.vcxproj -> H:\moonProject\moon\MoonDb\../dbRun\MoonDb.exe
       FinalizeBuildStatus:
         Deleting file "x64\Debug\MoonDb.unsuccessfulbuild".
         Touching "x64\Debug\MoonDb.lastbuildstate".
     1>Done Building Project "H:\moonProject\moon\MoonDb\MoonDb.vcxproj" (build target(s)).

Build succeeded.

Time Elapsed 00:00:04.57
